2021-03-20 16:57:58.765  INFO 3140 --- [main] com.example.demo.SareetaApplication      : Starting SareetaApplication on LAPTOP-1SARQM7E with PID 3140 (D:\05_Udacity\05_git\final-project\nd035-c4-Security-and-DevOps\starter_code\target\classes started by benba in D:\05_Udacity\05_git\final-project\nd035-c4-Security-and-DevOps)
2021-03-20 16:57:58.767 DEBUG 3140 --- [main] com.example.demo.SareetaApplication      : Running with Spring Boot v2.3.9.RELEASE, Spring v5.2.13.RELEASE
2021-03-20 16:57:58.768  INFO 3140 --- [main] com.example.demo.SareetaApplication      : No active profile set, falling back to default profiles: default
2021-03-20 16:57:59.362  INFO 3140 --- [main] .s.d.r.c.RepositoryConfigurationDelegate : Bootstrapping Spring Data JPA repositories in DEFAULT mode.
2021-03-20 16:57:59.419  INFO 3140 --- [main] .s.d.r.c.RepositoryConfigurationDelegate : Finished Spring Data repository scanning in 47ms. Found 4 JPA repository interfaces.
2021-03-20 16:58:00.407  INFO 3140 --- [main] o.s.b.w.embedded.tomcat.TomcatWebServer  : Tomcat initialized with port(s): 8080 (http)
2021-03-20 16:58:00.418  INFO 3140 --- [main] o.apache.catalina.core.StandardService   : Starting service [Tomcat]
2021-03-20 16:58:00.418  INFO 3140 --- [main] org.apache.catalina.core.StandardEngine  : Starting Servlet engine: [Apache Tomcat/9.0.43]
2021-03-20 16:58:00.541  INFO 3140 --- [main] o.a.c.c.C.[Tomcat].[localhost].[/]       : Initializing Spring embedded WebApplicationContext
2021-03-20 16:58:00.541  INFO 3140 --- [main] w.s.c.ServletWebServerApplicationContext : Root WebApplicationContext: initialization completed in 1703 ms
2021-03-20 16:58:00.749  INFO 3140 --- [main] o.hibernate.jpa.internal.util.LogHelper  : HHH000204: Processing PersistenceUnitInfo [name: default]
2021-03-20 16:58:00.799  INFO 3140 --- [main] org.hibernate.Version                    : HHH000412: Hibernate ORM core version 5.4.28.Final
2021-03-20 16:58:00.926  INFO 3140 --- [main] o.hibernate.annotations.common.Version   : HCANN000001: Hibernate Commons Annotations {5.1.2.Final}
2021-03-20 16:58:01.030  INFO 3140 --- [main] com.zaxxer.hikari.HikariDataSource       : HikariPool-1 - Starting...
2021-03-20 16:58:01.194  INFO 3140 --- [main] com.zaxxer.hikari.HikariDataSource       : HikariPool-1 - Start completed.
2021-03-20 16:58:01.211  INFO 3140 --- [main] org.hibernate.dialect.Dialect            : HHH000400: Using dialect: org.hibernate.dialect.H2Dialect
2021-03-20 16:58:01.909  INFO 3140 --- [main] o.h.e.t.j.p.i.JtaPlatformInitiator       : HHH000490: Using JtaPlatform implementation: [org.hibernate.engine.transaction.jta.platform.internal.NoJtaPlatform]
2021-03-20 16:58:01.917  INFO 3140 --- [main] j.LocalContainerEntityManagerFactoryBean : Initialized JPA EntityManagerFactory for persistence unit 'default'
2021-03-20 16:58:02.283  WARN 3140 --- [main] JpaBaseConfiguration$JpaWebConfiguration : spring.jpa.open-in-view is enabled by default. Therefore, database queries may be performed during view rendering. Explicitly configure spring.jpa.open-in-view to disable this warning
2021-03-20 16:58:02.351 DEBUG 3140 --- [main] e.d.s.JWTAuthenticationVerficationFilter : Filter 'JWTAuthenticationVerficationFilter' configured for use
2021-03-20 16:58:02.684  INFO 3140 --- [main] o.s.s.web.DefaultSecurityFilterChain     : Creating filter chain: any request, [org.springframework.security.web.context.request.async.WebAsyncManagerIntegrationFilter@16cbba0f, org.springframework.security.web.context.SecurityContextPersistenceFilter@51e1e058, org.springframework.security.web.header.HeaderWriterFilter@35dc849b, org.springframework.web.filter.CorsFilter@28d16af8, org.springframework.security.web.authentication.logout.LogoutFilter@6aa792, com.example.demo.security.JWTAuthenticationFilter@58932d08, com.example.demo.security.JWTAuthenticationVerficationFilter@45648e75, org.springframework.security.web.savedrequest.RequestCacheAwareFilter@25d23478, org.springframework.security.web.servletapi.SecurityContextHolderAwareRequestFilter@4d66cb, org.springframework.security.web.authentication.AnonymousAuthenticationFilter@e344f14, org.springframework.security.web.session.SessionManagementFilter@34065642, org.springframework.security.web.access.ExceptionTranslationFilter@4c0bfe9e, org.springframework.security.web.access.intercept.FilterSecurityInterceptor@58647985]
2021-03-20 16:58:02.736  INFO 3140 --- [main] o.s.s.concurrent.ThreadPoolTaskExecutor  : Initializing ExecutorService 'applicationTaskExecutor'
2021-03-20 16:58:02.873  INFO 3140 --- [main] o.s.b.w.embedded.tomcat.TomcatWebServer  : Tomcat started on port(s): 8080 (http) with context path ''
2021-03-20 16:58:02.881  INFO 3140 --- [main] com.example.demo.SareetaApplication      : Started SareetaApplication in 4.555 seconds (JVM running for 5.053)
